lör 31 okt 2020 00:08:13 CET 
-----------------------------
Module libicu updated to new version 67.1
Module busybox updated to new version 1.32.0
Module dnsutils updated to new version 9.16.7
Module openssh updated to new version 8.4p1
Module llbuild updated to new version 5.3
Module libpipeline updated to new version 1.5.3
Module libpopt updated to new version 1.18
Module grep updated to new version 3.5
Module dropbear updated to new version 2020.80
Module libcurl updated to new version 7.73.0
Module rsync updated to new version 3.2.3
Module libuv updated to new version 1.40.0
Module strace updated to new version 5.9
Module jsoncpp updated to new version 1.9.4
Module openssl updated to new version 1.1.1h
Module nmap updated to new version 7.91
Module help2man updated to new version 1.47.16
Module glib updated to new version 2.66.1
Module libexpat updated to new version 2.2.10
Module rhash updated to new version 1.4.0
Module resolv-conf updated to new version 1.3
Module freetype updated to new version 2.10.3
Module ruby updated to new version 2.7.2
Module linux-man-pages encountered an error!
lör 31 okt 2020 01:50:09 CET 
-----------------------------
Module linux-man-pages encountered an error!
sön  1 nov 2020 05:49:30 CET 
-----------------------------
Module linux-man-pages encountered an error!
sön  1 nov 2020 05:49:47 CET 
-----------------------------
Module command-not-found updated to new version 1.59
Module gh updated to new version 1.2.0
Module global updated to new version 6.6.5
Module util-linux updated to new version 2.36
Module libdispatch encountered an error!
sön  1 nov 2020 05:50:09 CET 
-----------------------------
Module libandroid-support updated to new version 28
Module python encountered an error!
sön  1 nov 2020 06:10:03 CET 
-----------------------------
Module dnsutils encountered an error!
sön  1 nov 2020 06:11:59 CET 
-----------------------------
Module dnsutils updated to new version 9.16.7
Module openssh updated to new version 8.4p1
Module gh updated to new version 1.2.0
Module termux-auth updated to new version 1.4

sön  1 nov 2020 06:43:39 CET 
-----------------------------

sön  1 nov 2020 06:44:01 CET 
-----------------------------

sön  1 nov 2020 06:44:16 CET 
-----------------------------

sön  1 nov 2020 20:57:00 CET 
-----------------------------

tis  3 nov 2020 01:31:08 CET 
-----------------------------

tis  3 nov 2020 20:09:20 CET 
-----------------------------

ons  4 nov 2020 15:34:53 CET 
-----------------------------

