This file contains any messages produced by compilers while
running configure, to aid debugging if configure makes a mistake.

It was created by toilet configure 0.3, which was
generated by GNU Autoconf 2.68.  Invocation command line was

  $ /home/builder/.magisk-build/toilet/src/configure --disable-dependency-tracking --prefix=/system --datarootdir=/system/usr/share --libdir=/system/lib --includedir=/system/include --disable-rpath --disable-rpath-hack --host=aarch64-linux-android --disable-nls --enable-static --disable-shared --libexecdir=/system/libexec --enable-verbose CFLAGS= -O0 -static LDFLAGS=-L/system/lib -Wl,-rpath=/system/lib -Wl,--enable-new-dtags --static

## --------- ##
## Platform. ##
## --------- ##

hostname = 963372aea8b9
uname -m = x86_64
uname -r = 5.0.0-25-generic
uname -s = Linux
uname -v = #26-Ubuntu SMP Thu Aug 1 12:04:58 UTC 2019

/usr/bin/uname -p = x86_64
/bin/uname -X     = unknown

/bin/arch              = x86_64
/usr/bin/arch -k       = unknown
/usr/convex/getsysinfo = unknown
/usr/bin/hostinfo      = unknown
/bin/machine           = unknown
/usr/bin/oslevel       = unknown
/bin/universe          = unknown

PATH: /home/builder/.magisk-build/toilet/tmp/config-scripts
PATH: /home/builder/.magisk-build/_cache/android-r20-api-24-v1/bin
PATH: /usr/local/sbin
PATH: /usr/local/bin
PATH: /usr/sbin
PATH: /usr/bin
PATH: /sbin
PATH: /bin


## ----------- ##
## Core tests. ##
## ----------- ##

configure:2062: checking build system type
configure:2076: result: x86_64-pc-linux-gnu
configure:2096: checking host system type
configure:2109: result: aarch64-unknown-linux-android
configure:2129: checking target system type
configure:2142: result: aarch64-unknown-linux-android
configure:2186: checking for a BSD-compatible install
configure:2254: result: /usr/bin/install -c
configure:2265: checking whether build environment is sane
configure:2315: result: yes
configure:2364: checking for aarch64-linux-android-strip
configure:2391: result: aarch64-linux-android-strip
configure:2456: checking for a thread-safe mkdir -p
configure:2495: result: /usr/bin/mkdir -p
configure:2508: checking for gawk
configure:2524: found /usr/bin/gawk
configure:2535: result: gawk
configure:2546: checking whether make sets $(MAKE)
configure:2568: result: yes
configure:2663: checking for style of include used by make
configure:2691: result: GNU
configure:2722: checking for aarch64-linux-android-gcc
configure:2749: result: aarch64-linux-android-clang
configure:3018: checking for C compiler version
configure:3027: aarch64-linux-android-clang --version >&5
Android (5220042 based on r346389c) clang version 8.0.7 (https://android.googlesource.com/toolchain/clang b55f2d4ebfd35bf643d27dbca1bb228957008617) (https://android.googlesource.com/toolchain/llvm 3c393fe7a7e13b0fba4ac75a01aa683d7a5b11cd) (based on LLVM 8.0.7svn)
Target: aarch64-unknown-linux-android24
Thread model: posix
InstalledDir: /home/builder/.magisk-build/_cache/android-r20-api-24-v1/bin
configure:3038: $? = 0
configure:3027: aarch64-linux-android-clang -v >&5
Android (5220042 based on r346389c) clang version 8.0.7 (https://android.googlesource.com/toolchain/clang b55f2d4ebfd35bf643d27dbca1bb228957008617) (https://android.googlesource.com/toolchain/llvm 3c393fe7a7e13b0fba4ac75a01aa683d7a5b11cd) (based on LLVM 8.0.7svn)
Target: aarch64-unknown-linux-android24
Thread model: posix
InstalledDir: /home/builder/.magisk-build/_cache/android-r20-api-24-v1/bin
Found candidate GCC installation: /home/builder/.magisk-build/_cache/android-r20-api-24-v1/bin/../lib/gcc/aarch64-linux-android/4.9.x
Selected GCC installation: /home/builder/.magisk-build/_cache/android-r20-api-24-v1/bin/../lib/gcc/aarch64-linux-android/4.9.x
Candidate multilib: .;@m64
Selected multilib: .;@m64
clang: warning: argument unused during compilation: '-fno-addrsig' [-Wunused-command-line-argument]
configure:3038: $? = 0
configure:3027: aarch64-linux-android-clang -V >&5
clang: error: argument to '-V' is missing (expected 1 value)
clang: error: no input files
configure:3038: $? = 1
configure:3027: aarch64-linux-android-clang -qversion >&5
clang: error: unknown argument '-qversion', did you mean '--version'?
clang: error: no input files
configure:3038: $? = 1
configure:3058: checking whether the C compiler works
configure:3080: aarch64-linux-android-clang  -O0 -static -I/system/include -L/system/lib -Wl,-rpath=/system/lib -Wl,--enable-new-dtags --static conftest.c  >&5
configure:3084: $? = 0
configure:3132: result: yes
configure:3135: checking for C compiler default output file name
configure:3137: result: a.out
configure:3143: checking for suffix of executables
configure:3150: aarch64-linux-android-clang -o conftest  -O0 -static -I/system/include -L/system/lib -Wl,-rpath=/system/lib -Wl,--enable-new-dtags --static conftest.c  >&5
configure:3154: $? = 0
configure:3176: result: 
configure:3198: checking whether we are cross compiling
configure:3206: aarch64-linux-android-clang -o conftest  -O0 -static -I/system/include -L/system/lib -Wl,-rpath=/system/lib -Wl,--enable-new-dtags --static conftest.c  >&5
configure:3210: $? = 0
configure:3217: ./conftest
configure:3221: $? = 0
configure:3209: result: no
configure:3214: checking for suffix of object files
configure:3236: aarch64-linux-android-clang -c  -O0 -static -I/system/include conftest.c >&5
configure:3240: $? = 0
configure:3261: result: o
configure:3265: checking whether we are using the GNU C compiler
configure:3284: aarch64-linux-android-clang -c  -O0 -static -I/system/include conftest.c >&5
configure:3284: $? = 0
configure:3293: result: yes
configure:3302: checking whether aarch64-linux-android-clang accepts -g
configure:3322: aarch64-linux-android-clang -c -g -I/system/include conftest.c >&5
configure:3322: $? = 0
configure:3363: result: yes
configure:3380: checking for aarch64-linux-android-clang option to accept ISO C89
configure:3444: aarch64-linux-android-clang  -c  -O0 -static -I/system/include conftest.c >&5
configure:3444: $? = 0
configure:3457: result: none needed
configure:3479: checking dependency style of aarch64-linux-android-clang
configure:3590: result: none
configure:3606: checking whether aarch64-linux-android-clang and cc understand -c and -o together
configure:3637: aarch64-linux-android-clang -c conftest.c -o conftest2.o >&5
configure:3641: $? = 0
configure:3647: aarch64-linux-android-clang -c conftest.c -o conftest2.o >&5
configure:3651: $? = 0
configure:3662: cc -c conftest.c >&5
configure:3666: $? = 0
configure:3674: cc -c conftest.c -o conftest2.o >&5
configure:3678: $? = 0
configure:3684: cc -c conftest.c -o conftest2.o >&5
configure:3688: $? = 0
configure:3706: result: yes
configure:3736: checking how to run the C preprocessor
configure:3806: result: aarch64-linux-android-cpp
configure:3826: aarch64-linux-android-cpp -I/system/include conftest.c
configure:3826: $? = 0
configure:3840: aarch64-linux-android-cpp -I/system/include conftest.c
conftest.c:11:10: fatal error: 'ac_nonexistent.h' file not found
#include <ac_nonexistent.h>
         ^~~~~~~~~~~~~~~~~~
1 error generated.
configure:3840: $? = 1
configure: failed program was:
| /* confdefs.h */
| #define PACKAGE_NAME "toilet"
| #define PACKAGE_TARNAME "toilet"
| #define PACKAGE_VERSION "0.3"
| #define PACKAGE_STRING "toilet 0.3"
| #define PACKAGE_BUGREPORT ""
| #define PACKAGE_URL ""
| #define PACKAGE "toilet"
| #define VERSION "0.3"
| /* end confdefs.h.  */
| #include <ac_nonexistent.h>
configure:3871: checking for grep that handles long lines and -e
configure:3929: result: /usr/bin/grep
configure:3934: checking for egrep
configure:3996: result: /usr/bin/grep -E
configure:4120: checking pkg-config is at least version 0.9.0
configure:4123: result: yes
configure:4137: checking for ANSI C header files
configure:4157: aarch64-linux-android-clang -c  -O0 -static -I/system/include conftest.c >&5
configure:4157: $? = 0
configure:4230: aarch64-linux-android-clang -o conftest  -O0 -static -I/system/include -L/system/lib -Wl,-rpath=/system/lib -Wl,--enable-new-dtags --static conftest.c  >&5
configure:4230: $? = 0
configure:4230: ./conftest
configure:4230: $? = 0
configure:4241: result: yes
configure:4254: checking for sys/types.h
configure:4254: aarch64-linux-android-clang -c  -O0 -static -I/system/include conftest.c >&5
configure:4254: $? = 0
configure:4254: result: yes
configure:4254: checking for sys/stat.h
configure:4254: aarch64-linux-android-clang -c  -O0 -static -I/system/include conftest.c >&5
configure:4254: $? = 0
configure:4254: result: yes
configure:4254: checking for stdlib.h
configure:4254: aarch64-linux-android-clang -c  -O0 -static -I/system/include conftest.c >&5
configure:4254: $? = 0
configure:4254: result: yes
configure:4254: checking for string.h
configure:4254: aarch64-linux-android-clang -c  -O0 -static -I/system/include conftest.c >&5
configure:4254: $? = 0
configure:4254: result: yes
configure:4254: checking for memory.h
configure:4254: aarch64-linux-android-clang -c  -O0 -static -I/system/include conftest.c >&5
configure:4254: $? = 0
configure:4254: result: yes
configure:4254: checking for strings.h
configure:4254: aarch64-linux-android-clang -c  -O0 -static -I/system/include conftest.c >&5
configure:4254: $? = 0
configure:4254: result: yes
configure:4254: checking for inttypes.h
configure:4254: aarch64-linux-android-clang -c  -O0 -static -I/system/include conftest.c >&5
configure:4254: $? = 0
configure:4254: result: yes
configure:4254: checking for stdint.h
configure:4254: aarch64-linux-android-clang -c  -O0 -static -I/system/include conftest.c >&5
configure:4254: $? = 0
configure:4254: result: yes
configure:4254: checking for unistd.h
configure:4254: aarch64-linux-android-clang -c  -O0 -static -I/system/include conftest.c >&5
configure:4254: $? = 0
configure:4254: result: yes
configure:4268: checking sys/ioctl.h usability
configure:4268: aarch64-linux-android-clang -c  -O0 -static -I/system/include conftest.c >&5
configure:4268: $? = 0
configure:4268: result: yes
configure:4268: checking sys/ioctl.h presence
configure:4268: aarch64-linux-android-cpp -I/system/include conftest.c
configure:4268: $? = 0
configure:4268: result: yes
configure:4268: checking for sys/ioctl.h
configure:4268: result: yes
configure:4279: checking for TIOCGWINSZ
configure:4296: aarch64-linux-android-clang -c  -O0 -static -I/system/include conftest.c >&5
configure:4296: $? = 0
configure:4303: result: yes
configure:4313: checking for CACA
configure:4320: $PKG_CONFIG --exists --print-errors "caca >= 0.99.beta18"
configure:4323: $? = 0
configure:4382: result: yes
configure:4387: checking for release date
configure:4391: result:   
configure:4528: creating ./config.status

## ---------------------- ##
## Running config.status. ##
## ---------------------- ##

This file was extended by toilet config.status 0.3, which was
generated by GNU Autoconf 2.68.  Invocation command line was

  CONFIG_FILES    = 
  CONFIG_HEADERS  = 
  CONFIG_LINKS    = 
  CONFIG_COMMANDS = 
  $ ./config.status 

on 963372aea8b9

config.status:882: creating Makefile
config.status:882: creating src/Makefile
config.status:882: creating tools/Makefile
config.status:882: creating fonts/Makefile
config.status:882: creating doc/Makefile
config.status:882: creating test/Makefile
config.status:882: creating config.h
config.status:1111: executing depfiles commands
configure:5859: WARNING: unrecognized options: --disable-rpath, --disable-rpath-hack, --disable-nls, --enable-static, --disable-shared, --enable-verbose

## ---------------- ##
## Cache variables. ##
## ---------------- ##

ac_cv_build=x86_64-pc-linux-gnu
ac_cv_c_bigendian=no
ac_cv_c_compiler_gnu=yes
ac_cv_env_CACA_CFLAGS_set=
ac_cv_env_CACA_CFLAGS_value=
ac_cv_env_CACA_LIBS_set=set
ac_cv_env_CACA_LIBS_value='-lcaca -lz -lncursesw'
ac_cv_env_CC_set=set
ac_cv_env_CC_value=aarch64-linux-android-clang
ac_cv_env_CFLAGS_set=set
ac_cv_env_CFLAGS_value=' -O0 -static'
ac_cv_env_CPPFLAGS_set=set
ac_cv_env_CPPFLAGS_value=-I/system/include
ac_cv_env_CPP_set=set
ac_cv_env_CPP_value=aarch64-linux-android-cpp
ac_cv_env_LDFLAGS_set=set
ac_cv_env_LDFLAGS_value='-L/system/lib -Wl,-rpath=/system/lib -Wl,--enable-new-dtags --static'
ac_cv_env_LIBS_set=
ac_cv_env_LIBS_value=
ac_cv_env_PKG_CONFIG_LIBDIR_set=set
ac_cv_env_PKG_CONFIG_LIBDIR_value=/system/lib/pkgconfig
ac_cv_env_PKG_CONFIG_PATH_set=
ac_cv_env_PKG_CONFIG_PATH_value=
ac_cv_env_PKG_CONFIG_set=set
ac_cv_env_PKG_CONFIG_value=/home/builder/.magisk-build/_cache/android-r20-api-24-v1/bin/aarch64-linux-android-pkg-config
ac_cv_env_build_alias_set=
ac_cv_env_build_alias_value=
ac_cv_env_host_alias_set=set
ac_cv_env_host_alias_value=aarch64-linux-android
ac_cv_env_target_alias_set=
ac_cv_env_target_alias_value=
ac_cv_func_calloc_0_nonnull=yes
ac_cv_func_chown_works=yes
ac_cv_func_getgroups_works=yes
ac_cv_func_getpwent=no
ac_cv_func_getpwnam=no
ac_cv_func_getpwuid=no
ac_cv_func_malloc_0_nonnull=yes
ac_cv_func_nl_langinfo=yes
ac_cv_func_realloc_0_nonnull=yes
ac_cv_func_sigsetmask=no
ac_cv_have_tiocgwinsz=yes
ac_cv_header_inttypes_h=yes
ac_cv_header_memory_h=yes
ac_cv_header_stdc=yes
ac_cv_header_stdint_h=yes
ac_cv_header_stdlib_h=yes
ac_cv_header_string_h=yes
ac_cv_header_strings_h=yes
ac_cv_header_sys_ioctl_h=yes
ac_cv_header_sys_stat_h=yes
ac_cv_header_sys_types_h=yes
ac_cv_header_unistd_h=yes
ac_cv_host=aarch64-unknown-linux-android
ac_cv_objext=o
ac_cv_path_EGREP='/usr/bin/grep -E'
ac_cv_path_GREP=/usr/bin/grep
ac_cv_path_install='/usr/bin/install -c'
ac_cv_path_mkdir=/usr/bin/mkdir
ac_cv_prog_AWK=gawk
ac_cv_prog_CC=aarch64-linux-android-clang
ac_cv_prog_CPP=aarch64-linux-android-cpp
ac_cv_prog_STRIP=aarch64-linux-android-strip
ac_cv_prog_cc_aarch64_linux_android_clang_c_o=yes
ac_cv_prog_cc_c89=
ac_cv_prog_cc_g=yes
ac_cv_prog_make_make_set=yes
ac_cv_target=aarch64-unknown-linux-android
am_cv_CC_dependencies_compiler_type=none
am_cv_func_working_getline=yes
gl_cv_C_locale_sans_EILSEQ=yes
gl_cv_func_dup2_works=yes
gl_cv_func_fcntl_f_dupfd_cloexec=yes
gl_cv_func_fcntl_f_dupfd_works=yes
gl_cv_func_fnmatch_posix=yes
gl_cv_func_getcwd_abort_bug=no
gl_cv_func_getcwd_null=yes
gl_cv_func_getcwd_path_max=yes
gl_cv_func_getcwd_posix_signature=yes
gl_cv_func_gettimeofday_clobber=no
gl_cv_func_gettimeofday_posix_signature=yes
gl_cv_func_link_works=yes
gl_cv_func_lstat_dereferences_slashed_symlink=yes
gl_cv_func_malloc_0_nonnull=yes
gl_cv_func_memchr_works=yes
gl_cv_func_mkdir_trailing_dot_works=yes
gl_cv_func_mkdir_trailing_slash_works=yes
gl_cv_func_mkfifo_works=yes
gl_cv_func_mknod_works=yes
gl_cv_func_realpath_works=yes
gl_cv_func_select_detects_ebadf=yes
gl_cv_func_snprintf_posix=yes
gl_cv_func_snprintf_retval_c99=yes
gl_cv_func_snprintf_truncation_c99=yes
gl_cv_func_stat_dir_slash=yes
gl_cv_func_stat_file_slash=yes
gl_cv_func_strerror_0_works=yes
gl_cv_func_strtold_works=yes
gl_cv_func_symlink_works=yes
gl_cv_func_tzset_clobber=no
gl_cv_func_unlink_honors_slashes=yes
gl_cv_func_vsnprintf_posix=yes
gl_cv_func_vsnprintf_zerosize_c99=yes
gl_cv_func_wcwidth_works=yes
gl_cv_func_working_getdelim=yes
gl_cv_func_working_mkstemp=yes
gl_cv_func_working_mktime=yes
gl_cv_func_working_strerror=yes
gl_cv_header_working_fcntl_h=yes
pkg_cv_CACA_CFLAGS=-I/system/include
pkg_cv_CACA_LIBS='-lcaca -lz -lncursesw'

## ----------------- ##
## Output variables. ##
## ----------------- ##

ACLOCAL='${SHELL} /home/builder/.magisk-build/toilet/src/.auto/missing --run aclocal-1.11'
AMDEPBACKSLASH=''
AMDEP_FALSE=''
AMDEP_TRUE='#'
AMTAR='$${TAR-tar}'
AUTOCONF='${SHELL} /home/builder/.magisk-build/toilet/src/.auto/missing --run autoconf'
AUTOHEADER='${SHELL} /home/builder/.magisk-build/toilet/src/.auto/missing --run autoheader'
AUTOMAKE='${SHELL} /home/builder/.magisk-build/toilet/src/.auto/missing --run automake-1.11'
AWK='gawk'
CACA_CFLAGS='-I/system/include'
CACA_LIBS='-lcaca -lz -lncursesw'
CC='aarch64-linux-android-clang'
CCDEPMODE='depmode=none'
CFLAGS=' -O0 -static -g -O2 -fno-strength-reduce -fomit-frame-pointer -Wall -Wpointer-arith -Wcast-align -Wcast-qual -Wstrict-prototypes -Wshadow -Waggregate-return -Wmissing-prototypes -Wnested-externs -Wsign-compare'
CPP='aarch64-linux-android-cpp'
CPPFLAGS='-I/system/include'
CYGPATH_W='echo'
DEFS='-DHAVE_CONFIG_H'
DEPDIR='.deps'
ECHO_C=''
ECHO_N='-n'
ECHO_T=''
EGREP='/usr/bin/grep -E'
EXEEXT=''
GREP='/usr/bin/grep'
INSTALL_DATA='${INSTALL} -m 644'
INSTALL_PROGRAM='${INSTALL}'
INSTALL_SCRIPT='${INSTALL}'
INSTALL_STRIP_PROGRAM='$(install_sh) -c -s'
LDFLAGS='-L/system/lib -Wl,-rpath=/system/lib -Wl,--enable-new-dtags --static'
LIBOBJS=''
LIBS=''
LTLIBOBJS=''
MAKEINFO='${SHELL} /home/builder/.magisk-build/toilet/src/.auto/missing --run makeinfo'
MKDIR_P='/usr/bin/mkdir -p'
OBJEXT='o'
PACKAGE='toilet'
PACKAGE_BUGREPORT=''
PACKAGE_NAME='toilet'
PACKAGE_STRING='toilet 0.3'
PACKAGE_TARNAME='toilet'
PACKAGE_URL=''
PACKAGE_VERSION='0.3'
PATH_SEPARATOR=':'
PKG_CONFIG='/home/builder/.magisk-build/_cache/android-r20-api-24-v1/bin/aarch64-linux-android-pkg-config'
PKG_CONFIG_LIBDIR='/system/lib/pkgconfig'
PKG_CONFIG_PATH=''
SET_MAKE=''
SHELL='/bin/bash'
STRIP='aarch64-linux-android-strip'
VERSION='0.3'
ac_ct_CC=''
am__EXEEXT_FALSE=''
am__EXEEXT_TRUE='#'
am__fastdepCC_FALSE=''
am__fastdepCC_TRUE='#'
am__include='include'
am__isrc=''
am__leading_dot='.'
am__nodep=''
am__quote=''
am__tar='$${TAR-tar} chof - "$$tardir"'
am__untar='$${TAR-tar} xf -'
bindir='${exec_prefix}/bin'
build='x86_64-pc-linux-gnu'
build_alias=''
build_cpu='x86_64'
build_os='linux-gnu'
build_vendor='pc'
datadir='${datarootdir}'
datarootdir='/system/usr/share'
docdir='${datarootdir}/doc/${PACKAGE_TARNAME}'
dvidir='${docdir}'
exec_prefix='${prefix}'
host='aarch64-unknown-linux-android'
host_alias='aarch64-linux-android'
host_cpu='aarch64'
host_os='linux-android'
host_vendor='unknown'
htmldir='${docdir}'
includedir='/system/include'
infodir='${datarootdir}/info'
install_sh='${SHELL} /home/builder/.magisk-build/toilet/src/.auto/install-sh'
libdir='/system/lib'
libexecdir='/system/libexec'
localedir='${datarootdir}/locale'
localstatedir='${prefix}/var'
mandir='${datarootdir}/man'
mkdir_p='/usr/bin/mkdir -p'
oldincludedir='/usr/include'
pdfdir='${docdir}'
prefix='/system'
program_transform_name='s,x,x,'
psdir='${docdir}'
sbindir='${exec_prefix}/sbin'
sharedstatedir='${prefix}/com'
sysconfdir='${prefix}/etc'
target='aarch64-unknown-linux-android'
target_alias=''
target_cpu='aarch64'
target_os='linux-android'
target_vendor='unknown'

## ----------- ##
## confdefs.h. ##
## ----------- ##

/* confdefs.h */
#define PACKAGE_NAME "toilet"
#define PACKAGE_TARNAME "toilet"
#define PACKAGE_VERSION "0.3"
#define PACKAGE_STRING "toilet 0.3"
#define PACKAGE_BUGREPORT ""
#define PACKAGE_URL ""
#define PACKAGE "toilet"
#define VERSION "0.3"
#define STDC_HEADERS 1
#define HAVE_SYS_TYPES_H 1
#define HAVE_SYS_STAT_H 1
#define HAVE_STDLIB_H 1
#define HAVE_STRING_H 1
#define HAVE_MEMORY_H 1
#define HAVE_STRINGS_H 1
#define HAVE_INTTYPES_H 1
#define HAVE_STDINT_H 1
#define HAVE_UNISTD_H 1
#define HAVE_SYS_IOCTL_H 1
#define HAVE_TIOCGWINSZ 1
#define DATE "  "

configure: exit 0
