This file contains any messages produced by compilers while
running configure, to aid debugging if configure makes a mistake.

It was created by configure, which was
generated by GNU Autoconf 2.69.  Invocation command line was

  $ /home/builder/.magisk-build/binutils/src/configure --disable-dependency-tracking --prefix=/system --libdir=/system/lib --includedir=/system/include --disable-rpath --disable-rpath-hack --host=aarch64-linux-android --enable-gold --enable-plugins --disable-werror --with-system-zlib --enable-new-dtags --disable-nls --enable-static --disable-shared --libexecdir=/system/libexec --enable-verbose CFLAGS= -O0 -static LDFLAGS=-L/system/lib -Wl,-rpath=/system/lib -Wl,--enable-new-dtags --static

## --------- ##
## Platform. ##
## --------- ##

hostname = a7c636e5cdfd
uname -m = x86_64
uname -r = 5.2.0-8-generic
uname -s = Linux
uname -v = #9-Ubuntu SMP Mon Jul 8 13:07:27 UTC 2019

/usr/bin/uname -p = x86_64
/bin/uname -X     = unknown

/bin/arch              = x86_64
/usr/bin/arch -k       = unknown
/usr/convex/getsysinfo = unknown
/usr/bin/hostinfo      = unknown
/bin/machine           = unknown
/usr/bin/oslevel       = unknown
/bin/universe          = unknown

PATH: /home/builder/.magisk-build/binutils/tmp/config-scripts
PATH: /home/builder/.magisk-build/_cache/android-r20-api-24-v1/bin
PATH: /usr/local/sbin
PATH: /usr/local/bin
PATH: /usr/sbin
PATH: /usr/bin
PATH: /sbin
PATH: /bin


## ----------- ##
## Core tests. ##
## ----------- ##

configure:2336: checking build system type
configure:2350: result: x86_64-pc-linux-gnu
configure:2397: checking host system type
configure:2410: result: aarch64-unknown-linux-android
configure:2430: checking target system type
configure:2443: result: aarch64-unknown-linux-android
configure:2497: checking for a BSD-compatible install
configure:2565: result: /usr/bin/install -c
configure:2576: checking whether ln works
configure:2598: result: yes
configure:2602: checking whether ln -s works
configure:2606: result: yes
configure:2613: checking for a sed that does not truncate output
configure:2677: result: /usr/bin/sed
configure:2686: checking for gawk
configure:2702: found /usr/bin/gawk
configure:2713: result: gawk
configure:3990: checking for aarch64-linux-android-gcc
configure:4017: result: aarch64-linux-android-clang
configure:4286: checking for C compiler version
configure:4295: aarch64-linux-android-clang --version >&5
Android (5220042 based on r346389c) clang version 8.0.7 (https://android.googlesource.com/toolchain/clang b55f2d4ebfd35bf643d27dbca1bb228957008617) (https://android.googlesource.com/toolchain/llvm 3c393fe7a7e13b0fba4ac75a01aa683d7a5b11cd) (based on LLVM 8.0.7svn)
Target: aarch64-unknown-linux-android24
Thread model: posix
InstalledDir: /home/builder/.magisk-build/_cache/android-r20-api-24-v1/bin
configure:4306: $? = 0
configure:4295: aarch64-linux-android-clang -v >&5
Android (5220042 based on r346389c) clang version 8.0.7 (https://android.googlesource.com/toolchain/clang b55f2d4ebfd35bf643d27dbca1bb228957008617) (https://android.googlesource.com/toolchain/llvm 3c393fe7a7e13b0fba4ac75a01aa683d7a5b11cd) (based on LLVM 8.0.7svn)
Target: aarch64-unknown-linux-android24
Thread model: posix
InstalledDir: /home/builder/.magisk-build/_cache/android-r20-api-24-v1/bin
Found candidate GCC installation: /home/builder/.magisk-build/_cache/android-r20-api-24-v1/bin/../lib/gcc/aarch64-linux-android/4.9.x
Selected GCC installation: /home/builder/.magisk-build/_cache/android-r20-api-24-v1/bin/../lib/gcc/aarch64-linux-android/4.9.x
Candidate multilib: .;@m64
Selected multilib: .;@m64
clang: warning: argument unused during compilation: '-fno-addrsig' [-Wunused-command-line-argument]
configure:4306: $? = 0
configure:4295: aarch64-linux-android-clang -V >&5
clang: error: argument to '-V' is missing (expected 1 value)
clang: error: no input files
configure:4306: $? = 1
configure:4295: aarch64-linux-android-clang -qversion >&5
clang: error: unknown argument '-qversion', did you mean '--version'?
clang: error: no input files
configure:4306: $? = 1
configure:4326: checking whether the C compiler works
configure:4348: aarch64-linux-android-clang  -O0 -static -I/system/include -Wno-c++11-narrowing -L/system/lib -Wl,-rpath=/system/lib -Wl,--enable-new-dtags --static conftest.c  >&5
configure:4352: $? = 0
configure:4400: result: yes
configure:4403: checking for C compiler default output file name
configure:4405: result: a.out
configure:4411: checking for suffix of executables
configure:4418: aarch64-linux-android-clang -o conftest  -O0 -static -I/system/include -Wno-c++11-narrowing -L/system/lib -Wl,-rpath=/system/lib -Wl,--enable-new-dtags --static conftest.c  >&5
configure:4422: $? = 0
configure:4444: result: 
configure:4466: checking whether we are cross compiling
configure:4474: aarch64-linux-android-clang -o conftest  -O0 -static -I/system/include -Wno-c++11-narrowing -L/system/lib -Wl,-rpath=/system/lib -Wl,--enable-new-dtags --static conftest.c  >&5
configure:4478: $? = 0
configure:4485: ./conftest
/home/builder/.magisk-build/binutils/src/configure: line 4487: ./conftest: cannot execute binary file: Exec format error
configure:4489: $? = 126
configure:4477: result: yes
configure:4482: checking for suffix of object files
configure:4504: aarch64-linux-android-clang -c  -O0 -static -I/system/include -Wno-c++11-narrowing conftest.c >&5
configure:4508: $? = 0
configure:4529: result: o
configure:4533: checking whether we are using the GNU C compiler
configure:4552: aarch64-linux-android-clang -c  -O0 -static -I/system/include -Wno-c++11-narrowing conftest.c >&5
configure:4552: $? = 0
configure:4561: result: yes
configure:4570: checking whether aarch64-linux-android-clang accepts -g
configure:4590: aarch64-linux-android-clang -c -g -I/system/include -Wno-c++11-narrowing conftest.c >&5
configure:4590: $? = 0
configure:4631: result: yes
configure:4648: checking for aarch64-linux-android-clang option to accept ISO C89
configure:4711: aarch64-linux-android-clang  -c  -O0 -static -I/system/include -Wno-c++11-narrowing conftest.c >&5
configure:4711: $? = 0
configure:4724: result: none needed
configure:4856: checking for C++ compiler version
configure:4865: aarch64-linux-android-clang++ --version >&5
Android (5220042 based on r346389c) clang version 8.0.7 (https://android.googlesource.com/toolchain/clang b55f2d4ebfd35bf643d27dbca1bb228957008617) (https://android.googlesource.com/toolchain/llvm 3c393fe7a7e13b0fba4ac75a01aa683d7a5b11cd) (based on LLVM 8.0.7svn)
Target: aarch64-unknown-linux-android24
Thread model: posix
InstalledDir: /home/builder/.magisk-build/_cache/android-r20-api-24-v1/bin
configure:4876: $? = 0
configure:4865: aarch64-linux-android-clang++ -v >&5
Android (5220042 based on r346389c) clang version 8.0.7 (https://android.googlesource.com/toolchain/clang b55f2d4ebfd35bf643d27dbca1bb228957008617) (https://android.googlesource.com/toolchain/llvm 3c393fe7a7e13b0fba4ac75a01aa683d7a5b11cd) (based on LLVM 8.0.7svn)
Target: aarch64-unknown-linux-android24
Thread model: posix
InstalledDir: /home/builder/.magisk-build/_cache/android-r20-api-24-v1/bin
Found candidate GCC installation: /home/builder/.magisk-build/_cache/android-r20-api-24-v1/bin/../lib/gcc/aarch64-linux-android/4.9.x
Selected GCC installation: /home/builder/.magisk-build/_cache/android-r20-api-24-v1/bin/../lib/gcc/aarch64-linux-android/4.9.x
Candidate multilib: .;@m64
Selected multilib: .;@m64
clang++: warning: argument unused during compilation: '-fno-addrsig' [-Wunused-command-line-argument]
configure:4876: $? = 0
configure:4865: aarch64-linux-android-clang++ -V >&5
clang++: error: argument to '-V' is missing (expected 1 value)
clang++: error: no input files
configure:4876: $? = 1
configure:4865: aarch64-linux-android-clang++ -qversion >&5
clang++: error: unknown argument '-qversion', did you mean '--version'?
clang++: error: no input files
configure:4876: $? = 1
configure:4880: checking whether we are using the GNU C++ compiler
configure:4899: aarch64-linux-android-clang++ -c  -O0 -I/system/include -Wno-c++11-narrowing conftest.cpp >&5
configure:4899: $? = 0
configure:4908: result: yes
configure:4917: checking whether aarch64-linux-android-clang++ accepts -g
configure:4937: aarch64-linux-android-clang++ -c -g -I/system/include -Wno-c++11-narrowing conftest.cpp >&5
configure:4937: $? = 0
configure:4978: result: yes
configure:5027: checking whether g++ accepts -static-libstdc++ -static-libgcc
configure:5044: aarch64-linux-android-clang++ -o conftest  -O0 -I/system/include -Wno-c++11-narrowing -L/system/lib -Wl,-rpath=/system/lib -Wl,--enable-new-dtags --static -static-libstdc++ -static-libgcc conftest.cpp  >&5
conftest.cpp:11:2: error: -static-libstdc++ not implemented
#error -static-libstdc++ not implemented
 ^
1 error generated.
configure:5044: $? = 1
configure: failed program was:
| /* confdefs.h */
| #define PACKAGE_NAME ""
| #define PACKAGE_TARNAME ""
| #define PACKAGE_VERSION ""
| #define PACKAGE_STRING ""
| #define PACKAGE_BUGREPORT ""
| #define PACKAGE_URL ""
| /* end confdefs.h.  */
| 
| #if (__GNUC__ < 4) || (__GNUC__ == 4 && __GNUC_MINOR__ < 5)
| #error -static-libstdc++ not implemented
| #endif
| int main() {}
configure:5048: result: no
configure:5069: checking for aarch64-linux-android-gnatbind
configure:5099: result: no
configure:5109: checking for gnatbind
configure:5139: result: no
configure:5161: checking for aarch64-linux-android-gnatmake
configure:5191: result: no
configure:5201: checking for gnatmake
configure:5231: result: no
configure:5250: checking whether compiler driver understands Ada
configure:5273: result: no
configure:5282: checking how to compare bootstrapped objects
configure:5307: result: cmp --ignore-initial=16 $$f1 $$f2
configure:5367: checking for objdir
configure:5382: result: .libs
configure:5930: checking for isl 0.15 or later
configure:5943: aarch64-linux-android-clang -o conftest  -O0 -static   -I/system/include -Wno-c++11-narrowing -L/system/lib -Wl,-rpath=/system/lib -Wl,--enable-new-dtags --static  -lisl -lmpc -lmpfr -lgmp conftest.c  -lisl -lgmp >&5
conftest.c:10:10: fatal error: 'isl/schedule.h' file not found
#include <isl/schedule.h>
         ^~~~~~~~~~~~~~~~
1 error generated.
configure:5943: $? = 1
configure: failed program was:
| /* confdefs.h */
| #define PACKAGE_NAME ""
| #define PACKAGE_TARNAME ""
| #define PACKAGE_VERSION ""
| #define PACKAGE_STRING ""
| #define PACKAGE_BUGREPORT ""
| #define PACKAGE_URL ""
| #define LT_OBJDIR ".libs/"
| /* end confdefs.h.  */
| #include <isl/schedule.h>
| int
| main ()
| {
| isl_options_set_schedule_serialize_sccs (NULL, 0);
|   ;
|   return 0;
| }
configure:5950: result: no
configure:5954: result: required isl version is 0.15 or later
configure:7047: checking for default BUILD_CONFIG
configure:7079: result: 
configure:7084: checking for --enable-vtable-verify
configure:7097: result: no
configure:7697: checking for bison
configure:7713: found /usr/bin/bison
configure:7724: result: bison -y
configure:7744: checking for bison
configure:7760: found /usr/bin/bison
configure:7771: result: bison
configure:7791: checking for gm4
configure:7821: result: no
configure:7791: checking for gnum4
configure:7821: result: no
configure:7791: checking for m4
configure:7807: found /usr/bin/m4
configure:7818: result: m4
configure:7838: checking for flex
configure:7854: found /usr/bin/flex
configure:7865: result: flex
configure:7886: checking for flex
configure:7902: found /usr/bin/flex
configure:7913: result: flex
configure:7933: checking for makeinfo
configure:7949: found /usr/bin/makeinfo
configure:7960: result: makeinfo
configure:7994: checking for expect
configure:8024: result: no
configure:8043: checking for runtest
configure:8073: result: no
configure:8107: checking for ar
configure:8134: result: aarch64-linux-android-ar
configure:8149: checking for aarch64-linux-android-ar
configure:8176: result: aarch64-linux-android-ar
configure:8248: checking for as
configure:8275: result: aarch64-linux-android-clang
configure:8290: checking for aarch64-linux-android-as
configure:8317: result: aarch64-linux-android-clang
configure:8431: checking for aarch64-linux-android-dlltool
configure:8461: result: no
configure:8530: checking for ld
configure:8557: result: aarch64-linux-android-ld
configure:8572: checking for aarch64-linux-android-ld
configure:8599: result: aarch64-linux-android-ld
configure:8713: checking for aarch64-linux-android-lipo
configure:8743: result: no
configure:8854: checking for aarch64-linux-android-nm
configure:8870: found /home/builder/.magisk-build/_cache/android-r20-api-24-v1/bin/aarch64-linux-android-nm
configure:8881: result: aarch64-linux-android-nm
configure:8953: checking for ranlib
configure:8980: result: aarch64-linux-android-ranlib
configure:8995: checking for aarch64-linux-android-ranlib
configure:9022: result: aarch64-linux-android-ranlib
configure:9089: checking for strip
configure:9116: result: aarch64-linux-android-strip
configure:9131: checking for aarch64-linux-android-strip
configure:9158: result: aarch64-linux-android-strip
configure:9267: checking for aarch64-linux-android-windres
configure:9297: result: no
configure:9408: checking for aarch64-linux-android-windmc
configure:9438: result: no
configure:9507: checking for objcopy
configure:9534: result: aarch64-linux-android-objcopy
configure:9549: checking for aarch64-linux-android-objcopy
configure:9576: result: aarch64-linux-android-objcopy
configure:9648: checking for objdump
configure:9675: result: aarch64-linux-android-objdump
configure:9690: checking for aarch64-linux-android-objdump
configure:9717: result: aarch64-linux-android-objdump
configure:9789: checking for readelf
configure:9816: result: aarch64-linux-android-readelf
configure:9831: checking for aarch64-linux-android-readelf
configure:9858: result: aarch64-linux-android-readelf
configure:13748: checking where to find the target ar
configure:13758: result: pre-installed
configure:13790: checking where to find the target as
configure:13800: result: pre-installed
configure:13832: checking where to find the target cc
configure:13842: result: pre-installed
configure:13874: checking where to find the target c++
configure:13884: result: pre-installed
configure:13919: checking where to find the target c++ for libstdc++
configure:13929: result: pre-installed
configure:13964: checking where to find the target dlltool
configure:13974: result: pre-installed
configure:14006: checking where to find the target gcc
configure:14016: result: pre-installed
configure:14048: checking where to find the target gfortran
configure:14058: result: pre-installed
configure:14093: checking where to find the target gccgo
configure:14103: result: pre-installed
configure:14138: checking where to find the target ld
configure:14148: result: pre-installed
configure:14180: checking where to find the target lipo
configure:14190: result: pre-installed
configure:14211: checking where to find the target nm
configure:14221: result: pre-installed
configure:14253: checking where to find the target objcopy
configure:14263: result: pre-installed
configure:14295: checking where to find the target objdump
configure:14305: result: pre-installed
configure:14337: checking where to find the target ranlib
configure:14347: result: pre-installed
configure:14379: checking where to find the target readelf
configure:14389: result: pre-installed
configure:14421: checking where to find the target strip
configure:14431: result: pre-installed
configure:14463: checking where to find the target windres
configure:14473: result: pre-installed
configure:14505: checking where to find the target windmc
configure:14515: result: pre-installed
configure:14575: checking whether to enable maintainer-specific portions of Makefiles
configure:14584: result: no
configure:14819: creating ./config.status

## ---------------------- ##
## Running config.status. ##
## ---------------------- ##

This file was extended by config.status, which was
generated by GNU Autoconf 2.69.  Invocation command line was

  CONFIG_FILES    = 
  CONFIG_HEADERS  = 
  CONFIG_LINKS    = 
  CONFIG_COMMANDS = 
  $ ./config.status 

on a7c636e5cdfd

config.status:972: creating Makefile

## ---------------- ##
## Cache variables. ##
## ---------------- ##

ac_cv_build=x86_64-pc-linux-gnu
ac_cv_c_bigendian=no
ac_cv_c_compiler_gnu=yes
ac_cv_cxx_compiler_gnu=yes
ac_cv_env_AR_FOR_TARGET_set=
ac_cv_env_AR_FOR_TARGET_value=
ac_cv_env_AR_set=set
ac_cv_env_AR_value=aarch64-linux-android-ar
ac_cv_env_AS_FOR_TARGET_set=
ac_cv_env_AS_FOR_TARGET_value=
ac_cv_env_AS_set=set
ac_cv_env_AS_value=aarch64-linux-android-clang
ac_cv_env_CCC_set=
ac_cv_env_CCC_value=
ac_cv_env_CC_FOR_TARGET_set=
ac_cv_env_CC_FOR_TARGET_value=
ac_cv_env_CC_set=set
ac_cv_env_CC_value=aarch64-linux-android-clang
ac_cv_env_CFLAGS_set=set
ac_cv_env_CFLAGS_value=' -O0 -static'
ac_cv_env_CPPFLAGS_set=set
ac_cv_env_CPPFLAGS_value='-I/system/include -Wno-c++11-narrowing'
ac_cv_env_CXXFLAGS_set=set
ac_cv_env_CXXFLAGS_value=' -O0'
ac_cv_env_CXX_FOR_TARGET_set=
ac_cv_env_CXX_FOR_TARGET_value=
ac_cv_env_CXX_set=set
ac_cv_env_CXX_value=aarch64-linux-android-clang++
ac_cv_env_DLLTOOL_FOR_TARGET_set=
ac_cv_env_DLLTOOL_FOR_TARGET_value=
ac_cv_env_DLLTOOL_set=
ac_cv_env_DLLTOOL_value=
ac_cv_env_GCC_FOR_TARGET_set=
ac_cv_env_GCC_FOR_TARGET_value=
ac_cv_env_GFORTRAN_FOR_TARGET_set=
ac_cv_env_GFORTRAN_FOR_TARGET_value=
ac_cv_env_GOC_FOR_TARGET_set=
ac_cv_env_GOC_FOR_TARGET_value=
ac_cv_env_LDFLAGS_set=set
ac_cv_env_LDFLAGS_value='-L/system/lib -Wl,-rpath=/system/lib -Wl,--enable-new-dtags --static'
ac_cv_env_LD_FOR_TARGET_set=
ac_cv_env_LD_FOR_TARGET_value=
ac_cv_env_LD_set=set
ac_cv_env_LD_value=aarch64-linux-android-ld
ac_cv_env_LIBS_set=
ac_cv_env_LIBS_value=
ac_cv_env_LIPO_FOR_TARGET_set=
ac_cv_env_LIPO_FOR_TARGET_value=
ac_cv_env_LIPO_set=
ac_cv_env_LIPO_value=
ac_cv_env_NM_FOR_TARGET_set=
ac_cv_env_NM_FOR_TARGET_value=
ac_cv_env_NM_set=
ac_cv_env_NM_value=
ac_cv_env_OBJCOPY_FOR_TARGET_set=
ac_cv_env_OBJCOPY_FOR_TARGET_value=
ac_cv_env_OBJCOPY_set=set
ac_cv_env_OBJCOPY_value=aarch64-linux-android-objcopy
ac_cv_env_OBJDUMP_FOR_TARGET_set=
ac_cv_env_OBJDUMP_FOR_TARGET_value=
ac_cv_env_OBJDUMP_set=set
ac_cv_env_OBJDUMP_value=aarch64-linux-android-objdump
ac_cv_env_RANLIB_FOR_TARGET_set=
ac_cv_env_RANLIB_FOR_TARGET_value=
ac_cv_env_RANLIB_set=set
ac_cv_env_RANLIB_value=aarch64-linux-android-ranlib
ac_cv_env_READELF_FOR_TARGET_set=
ac_cv_env_READELF_FOR_TARGET_value=
ac_cv_env_READELF_set=set
ac_cv_env_READELF_value=aarch64-linux-android-readelf
ac_cv_env_STRIP_FOR_TARGET_set=
ac_cv_env_STRIP_FOR_TARGET_value=
ac_cv_env_STRIP_set=set
ac_cv_env_STRIP_value=aarch64-linux-android-strip
ac_cv_env_WINDMC_FOR_TARGET_set=
ac_cv_env_WINDMC_FOR_TARGET_value=
ac_cv_env_WINDMC_set=
ac_cv_env_WINDMC_value=
ac_cv_env_WINDRES_FOR_TARGET_set=
ac_cv_env_WINDRES_FOR_TARGET_value=
ac_cv_env_WINDRES_set=
ac_cv_env_WINDRES_value=
ac_cv_env_build_alias_set=
ac_cv_env_build_alias_value=
ac_cv_env_build_configargs_set=
ac_cv_env_build_configargs_value=
ac_cv_env_host_alias_set=set
ac_cv_env_host_alias_value=aarch64-linux-android
ac_cv_env_host_configargs_set=
ac_cv_env_host_configargs_value=
ac_cv_env_target_alias_set=
ac_cv_env_target_alias_value=
ac_cv_env_target_configargs_set=
ac_cv_env_target_configargs_value=
ac_cv_func_calloc_0_nonnull=yes
ac_cv_func_chown_works=yes
ac_cv_func_getgroups_works=yes
ac_cv_func_getpwent=no
ac_cv_func_getpwnam=no
ac_cv_func_getpwuid=no
ac_cv_func_malloc_0_nonnull=yes
ac_cv_func_nl_langinfo=yes
ac_cv_func_realloc_0_nonnull=yes
ac_cv_func_sigsetmask=no
ac_cv_host=aarch64-unknown-linux-android
ac_cv_objext=o
ac_cv_path_SED=/usr/bin/sed
ac_cv_path_install='/usr/bin/install -c'
ac_cv_prog_AR=aarch64-linux-android-ar
ac_cv_prog_AS=aarch64-linux-android-clang
ac_cv_prog_AWK=gawk
ac_cv_prog_BISON=bison
ac_cv_prog_CC=aarch64-linux-android-clang
ac_cv_prog_FLEX=flex
ac_cv_prog_LD=aarch64-linux-android-ld
ac_cv_prog_LEX=flex
ac_cv_prog_M4=m4
ac_cv_prog_MAKEINFO=makeinfo
ac_cv_prog_NM=aarch64-linux-android-nm
ac_cv_prog_OBJCOPY=aarch64-linux-android-objcopy
ac_cv_prog_OBJDUMP=aarch64-linux-android-objdump
ac_cv_prog_RANLIB=aarch64-linux-android-ranlib
ac_cv_prog_READELF=aarch64-linux-android-readelf
ac_cv_prog_STRIP=aarch64-linux-android-strip
ac_cv_prog_YACC='bison -y'
ac_cv_prog_cc_c89=
ac_cv_prog_cc_g=yes
ac_cv_prog_cxx_g=yes
ac_cv_target=aarch64-unknown-linux-android
acx_cv_cc_gcc_supports_ada=no
acx_cv_prog_LN=ln
am_cv_func_working_getline=yes
gcc_cv_isl=no
gcc_cv_prog_cmp_skip='cmp --ignore-initial=16 $$f1 $$f2'
gcc_cv_tool_dirs=
gcc_cv_tool_prefix=/system
gl_cv_C_locale_sans_EILSEQ=yes
gl_cv_func_dup2_works=yes
gl_cv_func_fcntl_f_dupfd_cloexec=yes
gl_cv_func_fcntl_f_dupfd_works=yes
gl_cv_func_fnmatch_posix=yes
gl_cv_func_getcwd_abort_bug=no
gl_cv_func_getcwd_null=yes
gl_cv_func_getcwd_path_max=yes
gl_cv_func_getcwd_posix_signature=yes
gl_cv_func_gettimeofday_clobber=no
gl_cv_func_gettimeofday_posix_signature=yes
gl_cv_func_link_works=yes
gl_cv_func_lstat_dereferences_slashed_symlink=yes
gl_cv_func_malloc_0_nonnull=yes
gl_cv_func_memchr_works=yes
gl_cv_func_mkdir_trailing_dot_works=yes
gl_cv_func_mkdir_trailing_slash_works=yes
gl_cv_func_mkfifo_works=yes
gl_cv_func_mknod_works=yes
gl_cv_func_realpath_works=yes
gl_cv_func_select_detects_ebadf=yes
gl_cv_func_snprintf_posix=yes
gl_cv_func_snprintf_retval_c99=yes
gl_cv_func_snprintf_truncation_c99=yes
gl_cv_func_stat_dir_slash=yes
gl_cv_func_stat_file_slash=yes
gl_cv_func_strerror_0_works=yes
gl_cv_func_strtold_works=yes
gl_cv_func_symlink_works=yes
gl_cv_func_tzset_clobber=no
gl_cv_func_unlink_honors_slashes=yes
gl_cv_func_vsnprintf_posix=yes
gl_cv_func_vsnprintf_zerosize_c99=yes
gl_cv_func_wcwidth_works=yes
gl_cv_func_working_getdelim=yes
gl_cv_func_working_mkstemp=yes
gl_cv_func_working_mktime=yes
gl_cv_func_working_strerror=yes
gl_cv_header_working_fcntl_h=yes
lt_cv_objdir=.libs

## ----------------- ##
## Output variables. ##
## ----------------- ##

AR='aarch64-linux-android-ar'
AR_FOR_BUILD='ar'
AR_FOR_TARGET='ar'
AS='aarch64-linux-android-clang'
AS_FOR_BUILD='as'
AS_FOR_TARGET='as'
AWK='gawk'
BISON='bison'
BUILD_CONFIG=''
CC='aarch64-linux-android-clang'
CC_FOR_BUILD='gcc'
CC_FOR_TARGET='cc'
CFLAGS=' -O0 -static'
CFLAGS_FOR_BUILD=''
CFLAGS_FOR_TARGET='-g -O2  -O0 -static'
COMPILER_AS_FOR_TARGET='$(AS_FOR_TARGET)'
COMPILER_LD_FOR_TARGET='$(LD_FOR_TARGET)'
COMPILER_NM_FOR_TARGET='$(NM_FOR_TARGET)'
CONFIGURE_GDB_TK=''
CPPFLAGS='-I/system/include -Wno-c++11-narrowing'
CXX='aarch64-linux-android-clang++'
CXXFLAGS=' -O0'
CXXFLAGS_FOR_BUILD=''
CXXFLAGS_FOR_TARGET='-g -O2  -O0'
CXX_FOR_BUILD='g++'
CXX_FOR_TARGET='c++'
DEBUG_PREFIX_CFLAGS_FOR_TARGET=''
DEFS='-DPACKAGE_NAME=\"\" -DPACKAGE_TARNAME=\"\" -DPACKAGE_VERSION=\"\" -DPACKAGE_STRING=\"\" -DPACKAGE_BUGREPORT=\"\" -DPACKAGE_URL=\"\" -DLT_OBJDIR=\".libs/\"'
DLLTOOL='aarch64-linux-android-dlltool'
DLLTOOL_FOR_BUILD='dlltool'
DLLTOOL_FOR_TARGET='dlltool'
ECHO_C=''
ECHO_N='-n'
ECHO_T=''
EXEEXT=''
EXPECT='expect'
FLAGS_FOR_TARGET=' -L$$r/$(HOST_SUBDIR)/ld'
FLEX='flex'
GCC_FOR_TARGET='cc'
GCC_SHLIB_SUBDIR=''
GDB_TK=''
GFORTRAN_FOR_BUILD='gfortran'
GFORTRAN_FOR_TARGET='gfortran'
GNATBIND='no'
GNATMAKE='no'
GOC_FOR_BUILD='gccgo'
GOC_FOR_TARGET='gccgo'
INSTALL_DATA='${INSTALL} -m 644'
INSTALL_GDB_TK=''
INSTALL_PROGRAM='${INSTALL}'
INSTALL_SCRIPT='${INSTALL}'
LD='aarch64-linux-android-ld'
LDFLAGS='-L/system/lib -Wl,-rpath=/system/lib -Wl,--enable-new-dtags --static'
LDFLAGS_FOR_BUILD=''
LDFLAGS_FOR_TARGET=''
LD_FOR_BUILD='ld'
LD_FOR_TARGET='ld'
LEX='flex'
LIBOBJS=''
LIBS=''
LIPO='aarch64-linux-android-lipo'
LIPO_FOR_TARGET='lipo'
LN='ln'
LN_S='ln -s'
LTLIBOBJS=''
M4='m4'
MAINT='#'
MAINTAINER_MODE_FALSE=''
MAINTAINER_MODE_TRUE='#'
MAKEINFO='makeinfo'
NM='aarch64-linux-android-nm'
NM_FOR_BUILD='nm'
NM_FOR_TARGET='nm'
OBJCOPY='aarch64-linux-android-objcopy'
OBJCOPY_FOR_TARGET='objcopy'
OBJDUMP='aarch64-linux-android-objdump'
OBJDUMP_FOR_TARGET='objdump'
OBJEXT='o'
PACKAGE_BUGREPORT=''
PACKAGE_NAME=''
PACKAGE_STRING=''
PACKAGE_TARNAME=''
PACKAGE_URL=''
PACKAGE_VERSION=''
PATH_SEPARATOR=':'
RANLIB='aarch64-linux-android-ranlib'
RANLIB_FOR_BUILD='ranlib'
RANLIB_FOR_TARGET='ranlib'
RAW_CXX_FOR_TARGET='c++'
READELF='aarch64-linux-android-readelf'
READELF_FOR_TARGET='readelf'
RPATH_ENVVAR='LD_LIBRARY_PATH'
RUNTEST='runtest'
SED='/usr/bin/sed'
SHELL='/bin/bash'
STRIP='aarch64-linux-android-strip'
STRIP_FOR_TARGET='strip'
SYSROOT_CFLAGS_FOR_TARGET=''
TOPLEVEL_CONFIGURE_ARGUMENTS='/home/builder/.magisk-build/binutils/src/configure --disable-dependency-tracking --prefix=/system --libdir=/system/lib --includedir=/system/include --disable-rpath --disable-rpath-hack --host=aarch64-linux-android --enable-gold --enable-plugins --disable-werror --with-system-zlib --enable-new-dtags --disable-nls --enable-static --disable-shared --libexecdir=/system/libexec --enable-verbose CFLAGS='\'' -O0 -static'\'' LDFLAGS='\''-L/system/lib -Wl,-rpath=/system/lib -Wl,--enable-new-dtags --static'\'''
WINDMC='aarch64-linux-android-windmc'
WINDMC_FOR_BUILD='windmc'
WINDMC_FOR_TARGET='windmc'
WINDRES='aarch64-linux-android-windres'
WINDRES_FOR_BUILD='windres'
WINDRES_FOR_TARGET='windres'
YACC='bison -y'
ac_ct_CC=''
ac_ct_CXX=''
bindir='${exec_prefix}/bin'
build='x86_64-pc-linux-gnu'
build_alias=''
build_configargs=' --cache-file=./config.cache '\''--disable-dependency-tracking'\'' '\''--prefix=/system'\'' '\''--libdir=/system/lib'\'' '\''--includedir=/system/include'\'' '\''--disable-rpath'\'' '\''--disable-rpath-hack'\'' '\''--enable-gold'\'' '\''--enable-plugins'\'' '\''--disable-werror'\'' '\''--with-system-zlib'\'' '\''--enable-new-dtags'\'' '\''--disable-nls'\'' '\''--enable-static'\'' '\''--disable-shared'\'' '\''--libexecdir=/system/libexec'\'' '\''--enable-verbose'\'' --program-transform-name='\''s,y,y,'\'' --disable-option-checking'
build_configdirs=' libiberty'
build_cpu='x86_64'
build_libsubdir='build-x86_64-pc-linux-gnu'
build_noncanonical='x86_64-pc-linux-gnu'
build_os='linux-gnu'
build_subdir='build-x86_64-pc-linux-gnu'
build_tooldir='${exec_prefix}/aarch64-linux-android'
build_vendor='pc'
compare_exclusions='gcc/cc*-checksum$(objext) | gcc/ada/*tools/*'
configdirs=' intl libiberty opcodes bfd binutils gas ld gprof etc gold'
datadir='${datarootdir}'
datarootdir='${prefix}/share'
do_compare='cmp --ignore-initial=16 $$f1 $$f2'
docdir='${datarootdir}/doc/${PACKAGE}'
dvidir='${docdir}'
exec_prefix='${prefix}'
extra_host_libiberty_configure_flags=''
extra_host_zlib_configure_flags=''
extra_isl_gmp_configure_flags=''
extra_liboffloadmic_configure_flags=''
extra_linker_plugin_configure_flags=''
extra_linker_plugin_flags=''
extra_mpc_gmp_configure_flags=''
extra_mpc_mpfr_configure_flags=''
extra_mpfr_configure_flags=''
get_gcc_base_ver='cat'
gmpinc=''
gmplibs='-lmpc -lmpfr -lgmp'
host='aarch64-unknown-linux-android'
host_alias='aarch64-linux-android'
host_configargs=' --cache-file=./config.cache  --with-gnu-as --with-gnu-ld --with-system-zlib '\''--disable-dependency-tracking'\'' '\''--prefix=/system'\'' '\''--libdir=/system/lib'\'' '\''--includedir=/system/include'\'' '\''--disable-rpath'\'' '\''--disable-rpath-hack'\'' '\''--enable-gold'\'' '\''--enable-plugins'\'' '\''--disable-werror'\'' '\''--with-system-zlib'\'' '\''--enable-new-dtags'\'' '\''--disable-nls'\'' '\''--enable-static'\'' '\''--disable-shared'\'' '\''--libexecdir=/system/libexec'\'' '\''--enable-verbose'\'' --program-transform-name='\''s,y,y,'\'' --disable-option-checking'
host_cpu='aarch64'
host_noncanonical='aarch64-linux-android'
host_os='linux-android'
host_shared='no'
host_subdir='.'
host_vendor='unknown'
htmldir='${docdir}'
includedir='/system/include'
infodir='${datarootdir}/info'
islinc=''
isllibs=''
libdir='/system/lib'
libexecdir='/system/libexec'
localedir='${datarootdir}/locale'
localstatedir='${prefix}/var'
mandir='${datarootdir}/man'
oldincludedir='/usr/include'
pdfdir='${docdir}'
poststage1_ldflags='-static-libstdc++ -static-libgcc'
poststage1_libs=''
prefix='/system'
program_transform_name='s,y,y,'
psdir='${docdir}'
sbindir='${exec_prefix}/sbin'
sharedstatedir='${prefix}/com'
stage1_cflags='-g'
stage1_checking='--enable-checking=yes,types'
stage1_languages=',c,'
stage1_ldflags=''
stage1_libs=''
stage2_werror_flag=''
sysconfdir='${prefix}/etc'
target='aarch64-unknown-linux-android'
target_alias=''
target_configargs='--cache-file=./config.cache --enable-multilib   '\''--disable-dependency-tracking'\'' '\''--prefix=/system'\'' '\''--libdir=/system/lib'\'' '\''--includedir=/system/include'\'' '\''--disable-rpath'\'' '\''--disable-rpath-hack'\'' '\''--enable-gold'\'' '\''--enable-plugins'\'' '\''--disable-werror'\'' '\''--with-system-zlib'\'' '\''--enable-new-dtags'\'' '\''--disable-nls'\'' '\''--enable-static'\'' '\''--disable-shared'\'' '\''--libexecdir=/system/libexec'\'' '\''--enable-verbose'\'' --program-transform-name='\''s,y,y,'\'' --disable-option-checking'
target_configdirs=''
target_cpu='aarch64'
target_noncanonical='aarch64-linux-android'
target_os='linux-android'
target_subdir='aarch64-linux-android'
target_vendor='unknown'
tooldir='${exec_prefix}/aarch64-linux-android'

## ------------------- ##
## File substitutions. ##
## ------------------- ##

alphaieee_frag='/dev/null'
host_makefile_frag='/dev/null'
ospace_frag='/dev/null'
serialization_dependencies='serdep.tmp'
target_makefile_frag='./config/mt-android'

## ----------- ##
## confdefs.h. ##
## ----------- ##

/* confdefs.h */
#define PACKAGE_NAME ""
#define PACKAGE_TARNAME ""
#define PACKAGE_VERSION ""
#define PACKAGE_STRING ""
#define PACKAGE_BUGREPORT ""
#define PACKAGE_URL ""
#define LT_OBJDIR ".libs/"

configure: exit 0
